<?xml version="1.0" encoding="UTF-8"?>
<testsuite xmlns:xsi="http://www.w3.org/2001/XMLSchema-instance" xsi:noNamespaceSchemaLocation="https://maven.apache.org/surefire/maven-surefire-plugin/xsd/surefire-test-report.xsd" name="com.bigfire.easychat.Test" time="0.025" tests="0" errors="0" skipped="0" failures="0">
  <properties>
    <property name="sun.desktop" value="windows"/>
    <property name="awt.toolkit" value="sun.awt.windows.WToolkit"/>
    <property name="file.encoding.pkg" value="sun.io"/>
    <property name="java.specification.version" value="1.8"/>
    <property name="sun.cpu.isalist" value="amd64"/>
    <property name="sun.jnu.encoding" value="GBK"/>
    <property name="java.class.path" value="D:\desktop\文本\源码\mycode\easychat\easychat_server\target\test-classes;D:\desktop\文本\源码\mycode\easychat\easychat_server\target\classes;D:\software\Maven\localRepository\org\springframework\boot\spring-boot-starter-websocket\2.1.2.RELEASE\spring-boot-starter-websocket-2.1.2.RELEASE.jar;D:\software\Maven\localRepository\org\springframework\boot\spring-boot-starter-web\2.1.2.RELEASE\spring-boot-starter-web-2.1.2.RELEASE.jar;D:\software\Maven\localRepository\org\springframework\boot\spring-boot-starter-json\2.1.2.RELEASE\spring-boot-starter-json-2.1.2.RELEASE.jar;D:\software\Maven\localRepository\com\fasterxml\jackson\datatype\jackson-datatype-jdk8\2.9.8\jackson-datatype-jdk8-2.9.8.jar;D:\software\Maven\localRepository\com\fasterxml\jackson\datatype\jackson-datatype-jsr310\2.9.8\jackson-datatype-jsr310-2.9.8.jar;D:\software\Maven\localRepository\com\fasterxml\jackson\module\jackson-module-parameter-names\2.9.8\jackson-module-parameter-names-2.9.8.jar;D:\software\Maven\localRepository\org\springframework\boot\spring-boot-starter-tomcat\2.1.2.RELEASE\spring-boot-starter-tomcat-2.1.2.RELEASE.jar;D:\software\Maven\localRepository\org\apache\tomcat\embed\tomcat-embed-core\9.0.14\tomcat-embed-core-9.0.14.jar;D:\software\Maven\localRepository\org\apache\tomcat\embed\tomcat-embed-el\9.0.14\tomcat-embed-el-9.0.14.jar;D:\software\Maven\localRepository\org\apache\tomcat\embed\tomcat-embed-websocket\9.0.14\tomcat-embed-websocket-9.0.14.jar;D:\software\Maven\localRepository\org\hibernate\validator\hibernate-validator\6.0.14.Final\hibernate-validator-6.0.14.Final.jar;D:\software\Maven\localRepository\javax\validation\validation-api\2.0.1.Final\validation-api-2.0.1.Final.jar;D:\software\Maven\localRepository\org\springframework\spring-web\5.1.4.RELEASE\spring-web-5.1.4.RELEASE.jar;D:\software\Maven\localRepository\org\springframework\spring-webmvc\5.1.4.RELEASE\spring-webmvc-5.1.4.RELEASE.jar;D:\software\Maven\localRepository\org\springframework\spring-expression\5.1.4.RELEASE\spring-expression-5.1.4.RELEASE.jar;D:\software\Maven\localRepository\org\springframework\spring-messaging\5.1.4.RELEASE\spring-messaging-5.1.4.RELEASE.jar;D:\software\Maven\localRepository\org\springframework\spring-beans\5.1.4.RELEASE\spring-beans-5.1.4.RELEASE.jar;D:\software\Maven\localRepository\org\springframework\spring-core\5.1.4.RELEASE\spring-core-5.1.4.RELEASE.jar;D:\software\Maven\localRepository\org\springframework\spring-jcl\5.1.4.RELEASE\spring-jcl-5.1.4.RELEASE.jar;D:\software\Maven\localRepository\org\springframework\spring-websocket\5.1.4.RELEASE\spring-websocket-5.1.4.RELEASE.jar;D:\software\Maven\localRepository\org\springframework\spring-context\5.1.4.RELEASE\spring-context-5.1.4.RELEASE.jar;D:\software\Maven\localRepository\org\projectlombok\lombok\1.18.4\lombok-1.18.4.jar;D:\software\Maven\localRepository\com\h2database\h2\1.4.197\h2-1.4.197.jar;D:\software\Maven\localRepository\com\alibaba\druid\1.1.19\druid-1.1.19.jar;D:\software\Maven\localRepository\org\mybatis\spring\boot\mybatis-spring-boot-starter\2.1.0\mybatis-spring-boot-starter-2.1.0.jar;D:\software\Maven\localRepository\org\springframework\boot\spring-boot-starter\2.1.2.RELEASE\spring-boot-starter-2.1.2.RELEASE.jar;D:\software\Maven\localRepository\org\springframework\boot\spring-boot\2.1.2.RELEASE\spring-boot-2.1.2.RELEASE.jar;D:\software\Maven\localRepository\org\springframework\boot\spring-boot-autoconfigure\2.1.2.RELEASE\spring-boot-autoconfigure-2.1.2.RELEASE.jar;D:\software\Maven\localRepository\org\springframework\boot\spring-boot-starter-logging\2.1.2.RELEASE\spring-boot-starter-logging-2.1.2.RELEASE.jar;D:\software\Maven\localRepository\ch\qos\logback\logback-classic\1.2.3\logback-classic-1.2.3.jar;D:\software\Maven\localRepository\ch\qos\logback\logback-core\1.2.3\logback-core-1.2.3.jar;D:\software\Maven\localRepository\org\apache\logging\log4j\log4j-to-slf4j\2.11.1\log4j-to-slf4j-2.11.1.jar;D:\software\Maven\localRepository\org\apache\logging\log4j\log4j-api\2.11.1\log4j-api-2.11.1.jar;D:\software\Maven\localRepository\org\slf4j\jul-to-slf4j\1.7.25\jul-to-slf4j-1.7.25.jar;D:\software\Maven\localRepository\javax\annotation\javax.annotation-api\1.3.2\javax.annotation-api-1.3.2.jar;D:\software\Maven\localRepository\org\yaml\snakeyaml\1.23\snakeyaml-1.23.jar;D:\software\Maven\localRepository\org\springframework\boot\spring-boot-starter-jdbc\2.1.2.RELEASE\spring-boot-starter-jdbc-2.1.2.RELEASE.jar;D:\software\Maven\localRepository\com\zaxxer\HikariCP\3.2.0\HikariCP-3.2.0.jar;D:\software\Maven\localRepository\org\springframework\spring-jdbc\5.1.4.RELEASE\spring-jdbc-5.1.4.RELEASE.jar;D:\software\Maven\localRepository\org\mybatis\spring\boot\mybatis-spring-boot-autoconfigure\2.1.0\mybatis-spring-boot-autoconfigure-2.1.0.jar;D:\software\Maven\localRepository\org\mybatis\mybatis\3.5.2\mybatis-3.5.2.jar;D:\software\Maven\localRepository\org\mybatis\mybatis-spring\2.0.2\mybatis-spring-2.0.2.jar;D:\software\Maven\localRepository\org\springframework\boot\spring-boot-starter-data-jpa\2.1.2.RELEASE\spring-boot-starter-data-jpa-2.1.2.RELEASE.jar;D:\software\Maven\localRepository\org\springframework\boot\spring-boot-starter-aop\2.1.2.RELEASE\spring-boot-starter-aop-2.1.2.RELEASE.jar;D:\software\Maven\localRepository\org\springframework\spring-aop\5.1.4.RELEASE\spring-aop-5.1.4.RELEASE.jar;D:\software\Maven\localRepository\org\aspectj\aspectjweaver\1.9.2\aspectjweaver-1.9.2.jar;D:\software\Maven\localRepository\javax\transaction\javax.transaction-api\1.3\javax.transaction-api-1.3.jar;D:\software\Maven\localRepository\javax\xml\bind\jaxb-api\2.3.1\jaxb-api-2.3.1.jar;D:\software\Maven\localRepository\javax\activation\javax.activation-api\1.2.0\javax.activation-api-1.2.0.jar;D:\software\Maven\localRepository\org\hibernate\hibernate-core\5.3.7.Final\hibernate-core-5.3.7.Final.jar;D:\software\Maven\localRepository\org\jboss\logging\jboss-logging\3.3.2.Final\jboss-logging-3.3.2.Final.jar;D:\software\Maven\localRepository\javax\persistence\javax.persistence-api\2.2\javax.persistence-api-2.2.jar;D:\software\Maven\localRepository\org\javassist\javassist\3.23.1-GA\javassist-3.23.1-GA.jar;D:\software\Maven\localRepository\net\bytebuddy\byte-buddy\1.9.7\byte-buddy-1.9.7.jar;D:\software\Maven\localRepository\antlr\antlr\2.7.7\antlr-2.7.7.jar;D:\software\Maven\localRepository\org\jboss\jandex\2.0.5.Final\jandex-2.0.5.Final.jar;D:\software\Maven\localRepository\com\fasterxml\classmate\1.4.0\classmate-1.4.0.jar;D:\software\Maven\localRepository\org\dom4j\dom4j\2.1.1\dom4j-2.1.1.jar;D:\software\Maven\localRepository\org\hibernate\common\hibernate-commons-annotations\5.0.4.Final\hibernate-commons-annotations-5.0.4.Final.jar;D:\software\Maven\localRepository\org\springframework\data\spring-data-jpa\2.1.4.RELEASE\spring-data-jpa-2.1.4.RELEASE.jar;D:\software\Maven\localRepository\org\springframework\data\spring-data-commons\2.1.4.RELEASE\spring-data-commons-2.1.4.RELEASE.jar;D:\software\Maven\localRepository\org\springframework\spring-orm\5.1.4.RELEASE\spring-orm-5.1.4.RELEASE.jar;D:\software\Maven\localRepository\org\springframework\spring-tx\5.1.4.RELEASE\spring-tx-5.1.4.RELEASE.jar;D:\software\Maven\localRepository\org\slf4j\slf4j-api\1.7.25\slf4j-api-1.7.25.jar;D:\software\Maven\localRepository\org\springframework\spring-aspects\5.1.4.RELEASE\spring-aspects-5.1.4.RELEASE.jar;D:\software\Maven\localRepository\com\alibaba\fastjson\1.2.58\fastjson-1.2.58.jar;D:\software\Maven\localRepository\cn\hutool\hutool-all\4.5.13\hutool-all-4.5.13.jar;D:\software\Maven\localRepository\com\auth0\java-jwt\3.4.0\java-jwt-3.4.0.jar;D:\software\Maven\localRepository\com\fasterxml\jackson\core\jackson-databind\2.9.8\jackson-databind-2.9.8.jar;D:\software\Maven\localRepository\com\fasterxml\jackson\core\jackson-annotations\2.9.0\jackson-annotations-2.9.0.jar;D:\software\Maven\localRepository\com\fasterxml\jackson\core\jackson-core\2.9.8\jackson-core-2.9.8.jar;D:\software\Maven\localRepository\commons-codec\commons-codec\1.11\commons-codec-1.11.jar;"/>
    <property name="java.vm.vendor" value="Oracle Corporation"/>
    <property name="sun.arch.data.model" value="64"/>
    <property name="user.variant" value=""/>
    <property name="java.vendor.url" value="http://java.oracle.com/"/>
    <property name="user.timezone" value="Asia/Shanghai"/>
    <property name="java.vm.specification.version" value="1.8"/>
    <property name="os.name" value="Windows 10"/>
    <property name="user.country" value="CN"/>
    <property name="sun.java.launcher" value="SUN_STANDARD"/>
    <property name="sun.boot.library.path" value="D:\java\jdk1.8\jre\bin"/>
    <property name="sun.java.command" value="C:\Users\bigfire\AppData\Local\Temp\surefire8460455510269873659\surefirebooter4747131774184337147.jar C:\Users\bigfire\AppData\Local\Temp\surefire8460455510269873659 2019-08-27T22-54-14_493-jvmRun1 surefire5893896780972024000tmp surefire_07764295467518986678tmp"/>
    <property name="surefire.test.class.path" value="D:\desktop\文本\源码\mycode\easychat\easychat_server\target\test-classes;D:\desktop\文本\源码\mycode\easychat\easychat_server\target\classes;D:\software\Maven\localRepository\org\springframework\boot\spring-boot-starter-websocket\2.1.2.RELEASE\spring-boot-starter-websocket-2.1.2.RELEASE.jar;D:\software\Maven\localRepository\org\springframework\boot\spring-boot-starter-web\2.1.2.RELEASE\spring-boot-starter-web-2.1.2.RELEASE.jar;D:\software\Maven\localRepository\org\springframework\boot\spring-boot-starter-json\2.1.2.RELEASE\spring-boot-starter-json-2.1.2.RELEASE.jar;D:\software\Maven\localRepository\com\fasterxml\jackson\datatype\jackson-datatype-jdk8\2.9.8\jackson-datatype-jdk8-2.9.8.jar;D:\software\Maven\localRepository\com\fasterxml\jackson\datatype\jackson-datatype-jsr310\2.9.8\jackson-datatype-jsr310-2.9.8.jar;D:\software\Maven\localRepository\com\fasterxml\jackson\module\jackson-module-parameter-names\2.9.8\jackson-module-parameter-names-2.9.8.jar;D:\software\Maven\localRepository\org\springframework\boot\spring-boot-starter-tomcat\2.1.2.RELEASE\spring-boot-starter-tomcat-2.1.2.RELEASE.jar;D:\software\Maven\localRepository\org\apache\tomcat\embed\tomcat-embed-core\9.0.14\tomcat-embed-core-9.0.14.jar;D:\software\Maven\localRepository\org\apache\tomcat\embed\tomcat-embed-el\9.0.14\tomcat-embed-el-9.0.14.jar;D:\software\Maven\localRepository\org\apache\tomcat\embed\tomcat-embed-websocket\9.0.14\tomcat-embed-websocket-9.0.14.jar;D:\software\Maven\localRepository\org\hibernate\validator\hibernate-validator\6.0.14.Final\hibernate-validator-6.0.14.Final.jar;D:\software\Maven\localRepository\javax\validation\validation-api\2.0.1.Final\validation-api-2.0.1.Final.jar;D:\software\Maven\localRepository\org\springframework\spring-web\5.1.4.RELEASE\spring-web-5.1.4.RELEASE.jar;D:\software\Maven\localRepository\org\springframework\spring-webmvc\5.1.4.RELEASE\spring-webmvc-5.1.4.RELEASE.jar;D:\software\Maven\localRepository\org\springframework\spring-expression\5.1.4.RELEASE\spring-expression-5.1.4.RELEASE.jar;D:\software\Maven\localRepository\org\springframework\spring-messaging\5.1.4.RELEASE\spring-messaging-5.1.4.RELEASE.jar;D:\software\Maven\localRepository\org\springframework\spring-beans\5.1.4.RELEASE\spring-beans-5.1.4.RELEASE.jar;D:\software\Maven\localRepository\org\springframework\spring-core\5.1.4.RELEASE\spring-core-5.1.4.RELEASE.jar;D:\software\Maven\localRepository\org\springframework\spring-jcl\5.1.4.RELEASE\spring-jcl-5.1.4.RELEASE.jar;D:\software\Maven\localRepository\org\springframework\spring-websocket\5.1.4.RELEASE\spring-websocket-5.1.4.RELEASE.jar;D:\software\Maven\localRepository\org\springframework\spring-context\5.1.4.RELEASE\spring-context-5.1.4.RELEASE.jar;D:\software\Maven\localRepository\org\projectlombok\lombok\1.18.4\lombok-1.18.4.jar;D:\software\Maven\localRepository\com\h2database\h2\1.4.197\h2-1.4.197.jar;D:\software\Maven\localRepository\com\alibaba\druid\1.1.19\druid-1.1.19.jar;D:\software\Maven\localRepository\org\mybatis\spring\boot\mybatis-spring-boot-starter\2.1.0\mybatis-spring-boot-starter-2.1.0.jar;D:\software\Maven\localRepository\org\springframework\boot\spring-boot-starter\2.1.2.RELEASE\spring-boot-starter-2.1.2.RELEASE.jar;D:\software\Maven\localRepository\org\springframework\boot\spring-boot\2.1.2.RELEASE\spring-boot-2.1.2.RELEASE.jar;D:\software\Maven\localRepository\org\springframework\boot\spring-boot-autoconfigure\2.1.2.RELEASE\spring-boot-autoconfigure-2.1.2.RELEASE.jar;D:\software\Maven\localRepository\org\springframework\boot\spring-boot-starter-logging\2.1.2.RELEASE\spring-boot-starter-logging-2.1.2.RELEASE.jar;D:\software\Maven\localRepository\ch\qos\logback\logback-classic\1.2.3\logback-classic-1.2.3.jar;D:\software\Maven\localRepository\ch\qos\logback\logback-core\1.2.3\logback-core-1.2.3.jar;D:\software\Maven\localRepository\org\apache\logging\log4j\log4j-to-slf4j\2.11.1\log4j-to-slf4j-2.11.1.jar;D:\software\Maven\localRepository\org\apache\logging\log4j\log4j-api\2.11.1\log4j-api-2.11.1.jar;D:\software\Maven\localRepository\org\slf4j\jul-to-slf4j\1.7.25\jul-to-slf4j-1.7.25.jar;D:\software\Maven\localRepository\javax\annotation\javax.annotation-api\1.3.2\javax.annotation-api-1.3.2.jar;D:\software\Maven\localRepository\org\yaml\snakeyaml\1.23\snakeyaml-1.23.jar;D:\software\Maven\localRepository\org\springframework\boot\spring-boot-starter-jdbc\2.1.2.RELEASE\spring-boot-starter-jdbc-2.1.2.RELEASE.jar;D:\software\Maven\localRepository\com\zaxxer\HikariCP\3.2.0\HikariCP-3.2.0.jar;D:\software\Maven\localRepository\org\springframework\spring-jdbc\5.1.4.RELEASE\spring-jdbc-5.1.4.RELEASE.jar;D:\software\Maven\localRepository\org\mybatis\spring\boot\mybatis-spring-boot-autoconfigure\2.1.0\mybatis-spring-boot-autoconfigure-2.1.0.jar;D:\software\Maven\localRepository\org\mybatis\mybatis\3.5.2\mybatis-3.5.2.jar;D:\software\Maven\localRepository\org\mybatis\mybatis-spring\2.0.2\mybatis-spring-2.0.2.jar;D:\software\Maven\localRepository\org\springframework\boot\spring-boot-starter-data-jpa\2.1.2.RELEASE\spring-boot-starter-data-jpa-2.1.2.RELEASE.jar;D:\software\Maven\localRepository\org\springframework\boot\spring-boot-starter-aop\2.1.2.RELEASE\spring-boot-starter-aop-2.1.2.RELEASE.jar;D:\software\Maven\localRepository\org\springframework\spring-aop\5.1.4.RELEASE\spring-aop-5.1.4.RELEASE.jar;D:\software\Maven\localRepository\org\aspectj\aspectjweaver\1.9.2\aspectjweaver-1.9.2.jar;D:\software\Maven\localRepository\javax\transaction\javax.transaction-api\1.3\javax.transaction-api-1.3.jar;D:\software\Maven\localRepository\javax\xml\bind\jaxb-api\2.3.1\jaxb-api-2.3.1.jar;D:\software\Maven\localRepository\javax\activation\javax.activation-api\1.2.0\javax.activation-api-1.2.0.jar;D:\software\Maven\localRepository\org\hibernate\hibernate-core\5.3.7.Final\hibernate-core-5.3.7.Final.jar;D:\software\Maven\localRepository\org\jboss\logging\jboss-logging\3.3.2.Final\jboss-logging-3.3.2.Final.jar;D:\software\Maven\localRepository\javax\persistence\javax.persistence-api\2.2\javax.persistence-api-2.2.jar;D:\software\Maven\localRepository\org\javassist\javassist\3.23.1-GA\javassist-3.23.1-GA.jar;D:\software\Maven\localRepository\net\bytebuddy\byte-buddy\1.9.7\byte-buddy-1.9.7.jar;D:\software\Maven\localRepository\antlr\antlr\2.7.7\antlr-2.7.7.jar;D:\software\Maven\localRepository\org\jboss\jandex\2.0.5.Final\jandex-2.0.5.Final.jar;D:\software\Maven\localRepository\com\fasterxml\classmate\1.4.0\classmate-1.4.0.jar;D:\software\Maven\localRepository\org\dom4j\dom4j\2.1.1\dom4j-2.1.1.jar;D:\software\Maven\localRepository\org\hibernate\common\hibernate-commons-annotations\5.0.4.Final\hibernate-commons-annotations-5.0.4.Final.jar;D:\software\Maven\localRepository\org\springframework\data\spring-data-jpa\2.1.4.RELEASE\spring-data-jpa-2.1.4.RELEASE.jar;D:\software\Maven\localRepository\org\springframework\data\spring-data-commons\2.1.4.RELEASE\spring-data-commons-2.1.4.RELEASE.jar;D:\software\Maven\localRepository\org\springframework\spring-orm\5.1.4.RELEASE\spring-orm-5.1.4.RELEASE.jar;D:\software\Maven\localRepository\org\springframework\spring-tx\5.1.4.RELEASE\spring-tx-5.1.4.RELEASE.jar;D:\software\Maven\localRepository\org\slf4j\slf4j-api\1.7.25\slf4j-api-1.7.25.jar;D:\software\Maven\localRepository\org\springframework\spring-aspects\5.1.4.RELEASE\spring-aspects-5.1.4.RELEASE.jar;D:\software\Maven\localRepository\com\alibaba\fastjson\1.2.58\fastjson-1.2.58.jar;D:\software\Maven\localRepository\cn\hutool\hutool-all\4.5.13\hutool-all-4.5.13.jar;D:\software\Maven\localRepository\com\auth0\java-jwt\3.4.0\java-jwt-3.4.0.jar;D:\software\Maven\localRepository\com\fasterxml\jackson\core\jackson-databind\2.9.8\jackson-databind-2.9.8.jar;D:\software\Maven\localRepository\com\fasterxml\jackson\core\jackson-annotations\2.9.0\jackson-annotations-2.9.0.jar;D:\software\Maven\localRepository\com\fasterxml\jackson\core\jackson-core\2.9.8\jackson-core-2.9.8.jar;D:\software\Maven\localRepository\commons-codec\commons-codec\1.11\commons-codec-1.11.jar;"/>
    <property name="sun.cpu.endian" value="little"/>
    <property name="user.home" value="C:\Users\bigfire"/>
    <property name="user.language" value="zh"/>
    <property name="java.specification.vendor" value="Oracle Corporation"/>
    <property name="java.home" value="D:\java\jdk1.8\jre"/>
    <property name="basedir" value="D:\desktop\文本\源码\mycode\easychat\easychat_server"/>
    <property name="file.separator" value="\"/>
    <property name="line.separator" value="&#10;"/>
    <property name="java.vm.specification.vendor" value="Oracle Corporation"/>
    <property name="java.specification.name" value="Java Platform API Specification"/>
    <property name="java.awt.graphicsenv" value="sun.awt.Win32GraphicsEnvironment"/>
    <property name="surefire.real.class.path" value="C:\Users\bigfire\AppData\Local\Temp\surefire8460455510269873659\surefirebooter4747131774184337147.jar"/>
    <property name="sun.boot.class.path" value="D:\java\jdk1.8\jre\lib\resources.jar;D:\java\jdk1.8\jre\lib\rt.jar;D:\java\jdk1.8\jre\lib\sunrsasign.jar;D:\java\jdk1.8\jre\lib\jsse.jar;D:\java\jdk1.8\jre\lib\jce.jar;D:\java\jdk1.8\jre\lib\charsets.jar;D:\java\jdk1.8\jre\lib\jfr.jar;D:\java\jdk1.8\jre\classes"/>
    <property name="user.script" value=""/>
    <property name="sun.management.compiler" value="HotSpot 64-Bit Tiered Compilers"/>
    <property name="java.runtime.version" value="1.8.0_171-b11"/>
    <property name="user.name" value="bigfire"/>
    <property name="path.separator" value=";"/>
    <property name="os.version" value="10.0"/>
    <property name="java.endorsed.dirs" value="D:\java\jdk1.8\jre\lib\endorsed"/>
    <property name="java.runtime.name" value="Java(TM) SE Runtime Environment"/>
    <property name="file.encoding" value="GBK"/>
    <property name="java.vm.name" value="Java HotSpot(TM) 64-Bit Server VM"/>
    <property name="localRepository" value="D:\software\Maven\localRepository"/>
    <property name="java.vendor.url.bug" value="http://bugreport.sun.com/bugreport/"/>
    <property name="java.io.tmpdir" value="C:\Users\bigfire\AppData\Local\Temp\"/>
    <property name="java.version" value="1.8.0_171"/>
    <property name="user.dir" value="D:\desktop\文本\源码\mycode\easychat\easychat_server"/>
    <property name="os.arch" value="amd64"/>
    <property name="java.vm.specification.name" value="Java Virtual Machine Specification"/>
    <property name="java.awt.printerjob" value="sun.awt.windows.WPrinterJob"/>
    <property name="sun.os.patch.level" value=""/>
    <property name="java.library.path" value="D:\java\jdk1.8\jre\bin;C:\WINDOWS\Sun\Java\bin;C:\WINDOWS\system32;C:\WINDOWS;D:\software\Xshell\Xshell6\;C:\Program Files (x86)\Common Files\Oracle\Java\javapath;C:\Windows\system32;C:\Windows;C:\Windows\System32\Wbem;C:\Windows\System32\WindowsPowerShell\v1.0\;C:\Program Files (x86)\NVIDIA Corporation\PhysX\Common;D:\js\node\nodejs\;D:\java\jdk1.8\bin;D:\software\Maven\apache-maven-3.6.0\bin;D:\software\git\git2.21\cmd;C:\WINDOWS\system32;C:\WINDOWS;C:\WINDOWS\System32\Wbem;C:\WINDOWS\System32\WindowsPowerShell\v1.0\;C:\WINDOWS\System32\OpenSSH\;D:\software\Gradle\gradle-5.4.1\bin;D:\java\SpringBoot\soft\Erlang\erl9.3\bin;D:\java\SpringBoot\soft\RabbitMQ\Server\rabbitmq_server-3.7.16\sbin;D:\go\Go\bin;D:\software\2345Soft\2345Explorer\2345Explorer;C:\Users\bigfire\AppData\Local\Microsoft\WindowsApps;C:\Users\bigfire\AppData\Roaming\npm;;D:\software\Fiddler\Fiddler4;D:\software\SSHSecureShellClient\SSHSecureShellClient-3.2.9;C:\Users\bigfire\go\bin;C:\Users\bigfire\AppData\Local\Microsoft\WindowsApps;."/>
    <property name="java.vm.info" value="mixed mode"/>
    <property name="java.vendor" value="Oracle Corporation"/>
    <property name="java.vm.version" value="25.171-b11"/>
    <property name="java.ext.dirs" value="D:\java\jdk1.8\jre\lib\ext;C:\WINDOWS\Sun\Java\lib\ext"/>
    <property name="sun.io.unicode.encoding" value="UnicodeLittle"/>
    <property name="java.class.version" value="52.0"/>
  </properties>
</testsuite>